<?xml version="1.0" encoding="UTF-8" ?>
<testsuite tests="5" failures="0" name="stepdefs.TestRunner" time="8.349" errors="1" skipped="4">
  <properties>
[...]
</properties>
  <testcase classname="Login Feature Scenarios" name="Verify Login Functionality with correct username and password" time="5.506">
    <error message="no such element: Unable to locate element: {&quot;method&quot;:&quot;link text&quot;,&quot;selector&quot;:&quot;Log in&quot;}
  (Session info: chrome=83.0.4103.97)
For documentation on this error, please visit: https://www.seleniumhq.org/exceptions/no_such_element.html
Build info: version: &apos;3.141.59&apos;, revision: &apos;e82be7d358&apos;, time: &apos;2018-11-14T08:17:03&apos;
System info: host: &apos;ip-172-31-30-62&apos;, ip: &apos;172.31.30.62&apos;, os.name: &apos;Linux&apos;, os.arch: &apos;amd64&apos;, os.version: &apos;4.4.0-1113-aws&apos;, java.version: &apos;1.8.0_265&apos;
Driver info: org.openqa.selenium.chrome.ChromeDriver
Capabilities {acceptInsecureCerts: false, browserName: chrome, browserVersion: 83.0.4103.97, chrome: {chromedriverVersion: 83.0.4103.39 (ccbf011cb2d2b..., userDataDir: /tmp/.com.google.Chrome.Qhnqzz}, goog:chromeOptions: {debuggerAddress: localhost:43754}, javascriptEnabled: true, networkConnectionEnabled: false, pageLoadStrategy: normal, platform: LINUX, platformName: LINUX, proxy: Proxy(), setWindowRect: true, strictFileInteractability: false, timeouts: {implicit: 0, pageLoad: 300000, script: 30000}, unhandledPromptBehavior: dismiss and notify, webauthn:virtualAuthenticators: true}
Session ID: df5f58d28499daf20b8b7d3be38adb4a
*** Element info: {Using=link text, value=Log in}" type="org.openqa.selenium.NoSuchElementException">org.openqa.selenium.NoSuchElementException: no such element: Unable to locate element: {&quot;method&quot;:&quot;link text&quot;,&quot;selector&quot;:&quot;Log in&quot;}
  (Session info: chrome=83.0.4103.97)
For documentation on this error, please visit: https://www.seleniumhq.org/exceptions/no_such_element.html
Build info: version: &apos;3.141.59&apos;, revision: &apos;e82be7d358&apos;, time: &apos;2018-11-14T08:17:03&apos;
System info: host: &apos;ip-172-31-30-62&apos;, ip: &apos;172.31.30.62&apos;, os.name: &apos;Linux&apos;, os.arch: &apos;amd64&apos;, os.version: &apos;4.4.0-1113-aws&apos;, java.version: &apos;1.8.0_265&apos;
Driver info: org.openqa.selenium.chrome.ChromeDriver
Capabilities {acceptInsecureCerts: false, browserName: chrome, browserVersion: 83.0.4103.97, chrome: {chromedriverVersion: 83.0.4103.39 (ccbf011cb2d2b..., userDataDir: /tmp/.com.google.Chrome.Qhnqzz}, goog:chromeOptions: {debuggerAddress: localhost:43754}, javascriptEnabled: true, networkConnectionEnabled: false, pageLoadStrategy: normal, platform: LINUX, platformName: LINUX, proxy: Proxy(), setWindowRect: true, strictFileInteractability: false, timeouts: {implicit: 0, pageLoad: 300000, script: 30000}, unhandledPromptBehavior: dismiss and notify, webauthn:virtualAuthenticators: true}
Session ID: df5f58d28499daf20b8b7d3be38adb4a
*** Element info: {Using=link text, value=Log in}
	at sun.reflect.NativeConstructorAccessorImpl.newInstance0(Native Method)
	at sun.reflect.NativeConstructorAccessorImpl.newInstance(NativeConstructorAccessorImpl.java:62)
	at sun.reflect.DelegatingConstructorAccessorImpl.newInstance(DelegatingConstructorAccessorImpl.java:45)
	at java.lang.reflect.Constructor.newInstance(Constructor.java:423)
	at org.openqa.selenium.remote.http.W3CHttpResponseCodec.createException(W3CHttpResponseCodec.java:187)
	at org.openqa.selenium.remote.http.W3CHttpResponseCodec.decode(W3CHttpResponseCodec.java:122)
	at org.openqa.selenium.remote.http.W3CHttpResponseCodec.decode(W3CHttpResponseCodec.java:49)
	at org.openqa.selenium.remote.HttpCommandExecutor.execute(HttpCommandExecutor.java:158)
	at org.openqa.selenium.remote.service.DriverCommandExecutor.execute(DriverCommandExecutor.java:83)
	at org.openqa.selenium.remote.RemoteWebDriver.execute(RemoteWebDriver.java:552)
	at org.openqa.selenium.remote.RemoteWebDriver.findElement(RemoteWebDriver.java:323)
	at org.openqa.selenium.remote.RemoteWebDriver.findElementByLinkText(RemoteWebDriver.java:380)
	at org.openqa.selenium.By$ByLinkText.findElement(By.java:220)
	at org.openqa.selenium.remote.RemoteWebDriver.findElement(RemoteWebDriver.java:315)
	at stepdefs.LoginStepDefs.user_has_laumched_the_swag_labs_application(LoginStepDefs.java:28)
	at ✽.User has laumched the Swag Labs Application(file:src/test/java/features/Login.feature:5)
</error>
    <system-out>@LoginFeature
Feature: Login Feature Scenarios

  Scenario Outline: Verify Login Functionality with correct username and password # src/test/java/features/Login.feature:4
    Given User has laumched the Swag Labs Application
    When User enters username &quot;&lt;UserName&gt;&quot;
    And User enters password &quot;&lt;Password&gt;&quot;
    And User clicks on Login Button
    Then User Should be landed on the Products Page

    Examples: 

  @LoginFeature
  Scenario Outline: Verify Login Functionality with correct username and password # src/test/java/features/Login.feature:13
    Given User has laumched the Swag Labs Application                             # LoginStepDefs.user_has_laumched_the_swag_labs_application()
      org.openqa.selenium.NoSuchElementException: no such element: Unable to locate element: {&quot;method&quot;:&quot;link text&quot;,&quot;selector&quot;:&quot;Log in&quot;}
  (Session info: chrome=83.0.4103.97)
For documentation on this error, please visit: https://www.seleniumhq.org/exceptions/no_such_element.html
Build info: version: &apos;3.141.59&apos;, revision: &apos;e82be7d358&apos;, time: &apos;2018-11-14T08:17:03&apos;
System info: host: &apos;ip-172-31-30-62&apos;, ip: &apos;172.31.30.62&apos;, os.name: &apos;Linux&apos;, os.arch: &apos;amd64&apos;, os.version: &apos;4.4.0-1113-aws&apos;, java.version: &apos;1.8.0_265&apos;
Driver info: org.openqa.selenium.chrome.ChromeDriver
Capabilities {acceptInsecureCerts: false, browserName: chrome, browserVersion: 83.0.4103.97, chrome: {chromedriverVersion: 83.0.4103.39 (ccbf011cb2d2b..., userDataDir: /tmp/.com.google.Chrome.Qhnqzz}, goog:chromeOptions: {debuggerAddress: localhost:43754}, javascriptEnabled: true, networkConnectionEnabled: false, pageLoadStrategy: normal, platform: LINUX, platformName: LINUX, proxy: Proxy(), setWindowRect: true, strictFileInteractability: false, timeouts: {implicit: 0, pageLoad: 300000, script: 30000}, unhandledPromptBehavior: dismiss and notify, webauthn:virtualAuthenticators: true}
Session ID: df5f58d28499daf20b8b7d3be38adb4a
*** Element info: {Using=link text, value=Log in}
	at sun.reflect.NativeConstructorAccessorImpl.newInstance0(Native Method)
	at sun.reflect.NativeConstructorAccessorImpl.newInstance(NativeConstructorAccessorImpl.java:62)
	at sun.reflect.DelegatingConstructorAccessorImpl.newInstance(DelegatingConstructorAccessorImpl.java:45)
	at java.lang.reflect.Constructor.newInstance(Constructor.java:423)
	at org.openqa.selenium.remote.http.W3CHttpResponseCodec.createException(W3CHttpResponseCodec.java:187)
	at org.openqa.selenium.remote.http.W3CHttpResponseCodec.decode(W3CHttpResponseCodec.java:122)
	at org.openqa.selenium.remote.http.W3CHttpResponseCodec.decode(W3CHttpResponseCodec.java:49)
	at org.openqa.selenium.remote.HttpCommandExecutor.execute(HttpCommandExecutor.java:158)
	at org.openqa.selenium.remote.service.DriverCommandExecutor.execute(DriverCommandExecutor.java:83)
	at org.openqa.selenium.remote.RemoteWebDriver.execute(RemoteWebDriver.java:552)
	at org.openqa.selenium.remote.RemoteWebDriver.findElement(RemoteWebDriver.java:323)
	at org.openqa.selenium.remote.RemoteWebDriver.findElementByLinkText(RemoteWebDriver.java:380)
	at org.openqa.selenium.By$ByLinkText.findElement(By.java:220)
	at org.openqa.selenium.remote.RemoteWebDriver.findElement(RemoteWebDriver.java:315)
	at stepdefs.LoginStepDefs.user_has_laumched_the_swag_labs_application(LoginStepDefs.java:28)
	at ✽.User has laumched the Swag Labs Application(file:src/test/java/features/Login.feature:5)

    When User enters username &quot;standard_user&quot;                                     # LoginStepDefs.user_enters_username_something(String)
    And User enters password &quot;secret_sauce&quot;                                       # LoginStepDefs.user_enters_password_something(String)
    And User clicks on Login Button                                               # LoginStepDefs.user_clicks_on_login_button()
    Then User Should be landed on the Products Page                               # LoginStepDefs.user_should_be_landed_on_the_products_page()
</system-out>
    <system-err>Starting ChromeDriver 83.0.4103.39 (ccbf011cb2d2b19b506d844400483861342c20cd-refs/branch-heads/4103@{#416}) on port 24631
Only local connections are allowed.
Please see https://chromedriver.chromium.org/security-considerations for suggestions on keeping ChromeDriver safe.
ChromeDriver was started successfully.
Nov 22, 2021 5:50:23 AM org.openqa.selenium.remote.ProtocolHandshake createSession
INFO: Detected dialect: W3C
</system-err>
  </testcase>
  <testcase classname="Login Feature Scenarios" name="Negetive Login Feature" time="0.71">
    <skipped/>
    <system-out>
  Scenario Outline: Negetive Login Feature # src/test/java/features/Login.feature:15
    Given User Opened Swag Lab Application
    When User Enters username &quot;&lt;UserName&gt;&quot;
    And User Enter Password &quot;&lt;password&gt;&quot;
    And Clicks on Login Button
    Then User Should Get &quot;&lt;Error&gt;&quot;

    Examples: 

  @LoginFeature
  Scenario Outline: Negetive Login Feature                                                           # src/test/java/features/Login.feature:24
    Given User Opened Swag Lab Application                                                           # null
    When User Enters username &quot;standard_user&quot;                                                        # null
    And User Enter Password &quot;Test1234&quot;                                                               # null
    And Clicks on Login Button                                                                       # null
    Then User Should Get &quot;Epic sadface: Username and password do not match any user in this service&quot; # LoginStepDefs.user_should_get_something(String)
</system-out>
    <system-err>Starting ChromeDriver 83.0.4103.39 (ccbf011cb2d2b19b506d844400483861342c20cd-refs/branch-heads/4103@{#416}) on port 27434
Only local connections are allowed.
Please see https://chromedriver.chromium.org/security-considerations for suggestions on keeping ChromeDriver safe.
ChromeDriver was started successfully.
Nov 22, 2021 5:50:28 AM org.openqa.selenium.remote.ProtocolHandshake createSession
INFO: Detected dialect: W3C
</system-err>
  </testcase>
  <testcase classname="Login Feature Scenarios" name="Negetive Login Feature" time="0.711">
    <skipped/>
  </testcase>
  <testcase classname="Login Feature Scenarios" name="Negetive Login Feature" time="0.711">
    <skipped/>
  </testcase>
  <testcase classname="Login Feature Scenarios" name="Negetive Login Feature" time="0.711">
    <skipped/>
  </testcase>
</testsuite>